2016-11-06 21:46:53,069 [analyzer] DEBUG: Starting analyzer from: C:\qmqlyuzur
2016-11-06 21:46:53,069 [analyzer] DEBUG: Pipe server name: \\.\PIPE\rThxVjadhEGfbAWwwQhDGvFyRr
2016-11-06 21:46:53,099 [analyzer] DEBUG: Log pipe server name: \\.\PIPE\PLFmpgQzeZqQGhFHUDxCeFR
2016-11-06 21:46:53,119 [analyzer] DEBUG: No analysis package specified, trying to detect it automagically.
2016-11-06 21:46:53,130 [analyzer] INFO: Automatically selected analysis package "doc"
2016-11-06 21:47:12,757 [analyzer] DEBUG: Started auxiliary module Disguise
2016-11-06 21:47:14,180 [analyzer] WARNING: Unable to find the correct offsets for functions of: 32-bit kernel32.dll (with timestamp 0x506bc5b9)
2016-11-06 21:47:14,190 [analyzer] WARNING: Unable to find the correct offsets for functions of: 32-bit kernel32.dll (with timestamp 0x506bc5b9)
2016-11-06 21:47:14,921 [analyzer] DEBUG: Loaded monitor into process with pid 644
2016-11-06 21:47:14,970 [analyzer] DEBUG: Started auxiliary module DumpTLSMasterSecrets
2016-11-06 21:47:14,990 [analyzer] DEBUG: Started auxiliary module Human
2016-11-06 21:47:15,000 [analyzer] DEBUG: Started auxiliary module InstallCertificate
2016-11-06 21:47:15,010 [analyzer] DEBUG: Started auxiliary module Reboot
2016-11-06 21:47:29,851 [analyzer] DEBUG: Started auxiliary module RecentFiles
2016-11-06 21:47:30,042 [analyzer] DEBUG: Started auxiliary module Screenshots
2016-11-06 21:47:32,026 [lib.api.process] INFO: Successfully executed process from path 'C:\\Program Files\\Microsoft Office\\Office12\\WINWORD.EXE' with arguments [u'C:\\DOCUME~1\\ADMINI~1\\LOCALS~1\\Temp\\billing_doc_60787.doc'] and pid 2024
2016-11-06 21:47:32,526 [analyzer] WARNING: Unable to find the correct offsets for functions of: 32-bit kernel32.dll (with timestamp 0x506bc5b9)
2016-11-06 21:47:32,546 [analyzer] WARNING: Unable to find the correct offsets for functions of: 32-bit kernel32.dll (with timestamp 0x506bc5b9)
2016-11-06 21:47:32,647 [analyzer] DEBUG: Loaded monitor into process with pid 2024
2016-11-06 21:47:34,078 [analyzer] INFO: Added new file to list with pid 2024 and path \Device\NamedPipe\lsass
2016-11-06 21:47:35,561 [analyzer] INFO: Added new file to list with pid 2024 and path C:\Documents and Settings\Administrator\Application Data\Microsoft\Templates\~$Normal.dotm
2016-11-06 21:47:36,923 [analyzer] INFO: Added new file to list with pid 2024 and path C:\Documents and Settings\Administrator\Local Settings\Temporary Internet Files\Content.Word\~WRS{3B7139B6-4AB2-481E-9253-BE4EDC065C9E}.tmp
2016-11-06 21:47:37,953 [analyzer] INFO: Added new file to list with pid 2024 and path C:\Documents and Settings\Administrator\Local Settings\Temp\~$lling_doc_60787.doc
2016-11-06 21:47:38,724 [analyzer] INFO: Added new file to list with pid 2024 and path C:\Documents and Settings\Administrator\Local Settings\Temporary Internet Files\Content.Word\~WRS{D5F99D08-15A0-4713-B838-EA7627E7713E}.tmp
2016-11-06 21:47:41,138 [analyzer] WARNING: Unable to find the correct offsets for functions of: 32-bit VBE6.DLL (with timestamp 0x48a4b5d6)
2016-11-06 21:47:41,138 [analyzer] DEBUG: Error resolving function vbe6!vbe6_CallByName through our custom callback.
2016-11-06 21:47:41,148 [analyzer] WARNING: Unable to find the correct offsets for functions of: 32-bit VBE6.DLL (with timestamp 0x48a4b5d6)
2016-11-06 21:47:41,148 [analyzer] DEBUG: Error resolving function vbe6!vbe6_Close through our custom callback.
2016-11-06 21:47:41,158 [analyzer] WARNING: Unable to find the correct offsets for functions of: 32-bit VBE6.DLL (with timestamp 0x48a4b5d6)
2016-11-06 21:47:41,168 [analyzer] DEBUG: Error resolving function vbe6!vbe6_CreateObject through our custom callback.
2016-11-06 21:47:41,168 [analyzer] WARNING: Unable to find the correct offsets for functions of: 32-bit VBE6.DLL (with timestamp 0x48a4b5d6)
2016-11-06 21:47:41,178 [analyzer] DEBUG: Error resolving function vbe6!vbe6_GetIDFromName through our custom callback.
2016-11-06 21:47:41,178 [analyzer] WARNING: Unable to find the correct offsets for functions of: 32-bit VBE6.DLL (with timestamp 0x48a4b5d6)
2016-11-06 21:47:41,188 [analyzer] DEBUG: Error resolving function vbe6!vbe6_GetObject through our custom callback.
2016-11-06 21:47:41,188 [analyzer] WARNING: Unable to find the correct offsets for functions of: 32-bit VBE6.DLL (with timestamp 0x48a4b5d6)
2016-11-06 21:47:41,198 [analyzer] DEBUG: Error resolving function vbe6!vbe6_Import through our custom callback.
2016-11-06 21:47:41,198 [analyzer] WARNING: Unable to find the correct offsets for functions of: 32-bit VBE6.DLL (with timestamp 0x48a4b5d6)
2016-11-06 21:47:41,209 [analyzer] DEBUG: Error resolving function vbe6!vbe6_Invoke through our custom callback.
2016-11-06 21:47:41,219 [analyzer] WARNING: Unable to find the correct offsets for functions of: 32-bit VBE6.DLL (with timestamp 0x48a4b5d6)
2016-11-06 21:47:41,219 [analyzer] DEBUG: Error resolving function vbe6!vbe6_Open through our custom callback.
2016-11-06 21:47:41,229 [analyzer] WARNING: Unable to find the correct offsets for functions of: 32-bit VBE6.DLL (with timestamp 0x48a4b5d6)
2016-11-06 21:47:41,229 [analyzer] DEBUG: Error resolving function vbe6!vbe6_Print through our custom callback.
2016-11-06 21:47:41,239 [analyzer] WARNING: Unable to find the correct offsets for functions of: 32-bit VBE6.DLL (with timestamp 0x48a4b5d6)
2016-11-06 21:47:41,239 [analyzer] DEBUG: Error resolving function vbe6!vbe6_Shell through our custom callback.
2016-11-06 21:47:41,249 [analyzer] WARNING: Unable to find the correct offsets for functions of: 32-bit VBE6.DLL (with timestamp 0x48a4b5d6)
2016-11-06 21:47:41,249 [analyzer] DEBUG: Error resolving function vbe6!vbe6_StringConcat through our custom callback.
2016-11-06 21:47:42,700 [analyzer] INFO: Added new file to list with pid 2024 and path C:\Documents and Settings\Administrator\Local Settings\Temp\VBE\MSForms.exd
2016-11-06 21:48:31,802 [analyzer] WARNING: Unable to find the correct offsets for functions of: 32-bit VBE6.DLL (with timestamp 0x48a4b5d6)
2016-11-06 21:48:31,822 [analyzer] DEBUG: Error resolving function vbe6!vbe6_CallByName through our custom callback.
2016-11-06 21:48:31,832 [analyzer] WARNING: Unable to find the correct offsets for functions of: 32-bit VBE6.DLL (with timestamp 0x48a4b5d6)
2016-11-06 21:48:31,842 [analyzer] DEBUG: Error resolving function vbe6!vbe6_Close through our custom callback.
2016-11-06 21:48:31,842 [analyzer] WARNING: Unable to find the correct offsets for functions of: 32-bit VBE6.DLL (with timestamp 0x48a4b5d6)
2016-11-06 21:48:31,851 [analyzer] DEBUG: Error resolving function vbe6!vbe6_CreateObject through our custom callback.
2016-11-06 21:48:31,901 [analyzer] WARNING: Unable to find the correct offsets for functions of: 32-bit VBE6.DLL (with timestamp 0x48a4b5d6)
2016-11-06 21:48:31,911 [analyzer] DEBUG: Error resolving function vbe6!vbe6_GetIDFromName through our custom callback.
2016-11-06 21:48:31,911 [analyzer] WARNING: Unable to find the correct offsets for functions of: 32-bit VBE6.DLL (with timestamp 0x48a4b5d6)
2016-11-06 21:48:31,921 [analyzer] DEBUG: Error resolving function vbe6!vbe6_GetObject through our custom callback.
2016-11-06 21:48:31,921 [analyzer] WARNING: Unable to find the correct offsets for functions of: 32-bit VBE6.DLL (with timestamp 0x48a4b5d6)
2016-11-06 21:48:31,931 [analyzer] DEBUG: Error resolving function vbe6!vbe6_Import through our custom callback.
2016-11-06 21:48:31,941 [analyzer] WARNING: Unable to find the correct offsets for functions of: 32-bit VBE6.DLL (with timestamp 0x48a4b5d6)
2016-11-06 21:48:31,941 [analyzer] DEBUG: Error resolving function vbe6!vbe6_Invoke through our custom callback.
2016-11-06 21:48:31,951 [analyzer] WARNING: Unable to find the correct offsets for functions of: 32-bit VBE6.DLL (with timestamp 0x48a4b5d6)
2016-11-06 21:48:31,951 [analyzer] DEBUG: Error resolving function vbe6!vbe6_Open through our custom callback.
2016-11-06 21:48:31,982 [analyzer] WARNING: Unable to find the correct offsets for functions of: 32-bit VBE6.DLL (with timestamp 0x48a4b5d6)
2016-11-06 21:48:31,992 [analyzer] DEBUG: Error resolving function vbe6!vbe6_Print through our custom callback.
2016-11-06 21:48:31,992 [analyzer] WARNING: Unable to find the correct offsets for functions of: 32-bit VBE6.DLL (with timestamp 0x48a4b5d6)
2016-11-06 21:48:32,002 [analyzer] DEBUG: Error resolving function vbe6!vbe6_Shell through our custom callback.
2016-11-06 21:48:32,002 [analyzer] WARNING: Unable to find the correct offsets for functions of: 32-bit VBE6.DLL (with timestamp 0x48a4b5d6)
2016-11-06 21:48:32,012 [analyzer] DEBUG: Error resolving function vbe6!vbe6_StringConcat through our custom callback.
2016-11-06 21:48:32,022 [analyzer] WARNING: Unable to find the correct offsets for functions of: 32-bit VBE6.DLL (with timestamp 0x48a4b5d6)
2016-11-06 21:48:32,042 [analyzer] DEBUG: Error resolving function vbe6!vbe6_CallByName through our custom callback.
2016-11-06 21:48:32,042 [analyzer] WARNING: Unable to find the correct offsets for functions of: 32-bit VBE6.DLL (with timestamp 0x48a4b5d6)
2016-11-06 21:48:32,052 [analyzer] DEBUG: Error resolving function vbe6!vbe6_Close through our custom callback.
2016-11-06 21:48:32,062 [analyzer] WARNING: Unable to find the correct offsets for functions of: 32-bit VBE6.DLL (with timestamp 0x48a4b5d6)
2016-11-06 21:48:32,062 [analyzer] DEBUG: Error resolving function vbe6!vbe6_CreateObject through our custom callback.
2016-11-06 21:48:32,072 [analyzer] WARNING: Unable to find the correct offsets for functions of: 32-bit VBE6.DLL (with timestamp 0x48a4b5d6)
2016-11-06 21:48:32,072 [analyzer] DEBUG: Error resolving function vbe6!vbe6_GetIDFromName through our custom callback.
2016-11-06 21:48:32,082 [analyzer] WARNING: Unable to find the correct offsets for functions of: 32-bit VBE6.DLL (with timestamp 0x48a4b5d6)
2016-11-06 21:48:32,082 [analyzer] DEBUG: Error resolving function vbe6!vbe6_GetObject through our custom callback.
2016-11-06 21:48:32,092 [analyzer] WARNING: Unable to find the correct offsets for functions of: 32-bit VBE6.DLL (with timestamp 0x48a4b5d6)
2016-11-06 21:48:32,092 [analyzer] DEBUG: Error resolving function vbe6!vbe6_Import through our custom callback.
2016-11-06 21:48:32,121 [analyzer] WARNING: Unable to find the correct offsets for functions of: 32-bit VBE6.DLL (with timestamp 0x48a4b5d6)
2016-11-06 21:48:32,141 [analyzer] DEBUG: Error resolving function vbe6!vbe6_Invoke through our custom callback.
2016-11-06 21:48:32,141 [analyzer] WARNING: Unable to find the correct offsets for functions of: 32-bit VBE6.DLL (with timestamp 0x48a4b5d6)
2016-11-06 21:48:32,151 [analyzer] DEBUG: Error resolving function vbe6!vbe6_Open through our custom callback.
2016-11-06 21:48:32,161 [analyzer] WARNING: Unable to find the correct offsets for functions of: 32-bit VBE6.DLL (with timestamp 0x48a4b5d6)
2016-11-06 21:48:32,161 [analyzer] DEBUG: Error resolving function vbe6!vbe6_Print through our custom callback.
2016-11-06 21:48:32,171 [analyzer] WARNING: Unable to find the correct offsets for functions of: 32-bit VBE6.DLL (with timestamp 0x48a4b5d6)
2016-11-06 21:48:32,171 [analyzer] DEBUG: Error resolving function vbe6!vbe6_Shell through our custom callback.
2016-11-06 21:48:32,181 [analyzer] WARNING: Unable to find the correct offsets for functions of: 32-bit VBE6.DLL (with timestamp 0x48a4b5d6)
2016-11-06 21:48:32,191 [analyzer] DEBUG: Error resolving function vbe6!vbe6_StringConcat through our custom callback.
2016-11-06 21:48:32,191 [analyzer] WARNING: Unable to find the correct offsets for functions of: 32-bit VBE6.DLL (with timestamp 0x48a4b5d6)
2016-11-06 21:48:32,201 [analyzer] DEBUG: Error resolving function vbe6!vbe6_CallByName through our custom callback.
2016-11-06 21:48:32,211 [analyzer] WARNING: Unable to find the correct offsets for functions of: 32-bit VBE6.DLL (with timestamp 0x48a4b5d6)
2016-11-06 21:48:32,211 [analyzer] DEBUG: Error resolving function vbe6!vbe6_Close through our custom callback.
2016-11-06 21:48:32,221 [analyzer] WARNING: Unable to find the correct offsets for functions of: 32-bit VBE6.DLL (with timestamp 0x48a4b5d6)
2016-11-06 21:48:32,232 [analyzer] DEBUG: Error resolving function vbe6!vbe6_CreateObject through our custom callback.
2016-11-06 21:48:32,232 [analyzer] WARNING: Unable to find the correct offsets for functions of: 32-bit VBE6.DLL (with timestamp 0x48a4b5d6)
2016-11-06 21:48:32,232 [analyzer] DEBUG: Error resolving function vbe6!vbe6_GetIDFromName through our custom callback.
2016-11-06 21:48:32,242 [analyzer] WARNING: Unable to find the correct offsets for functions of: 32-bit VBE6.DLL (with timestamp 0x48a4b5d6)
2016-11-06 21:48:32,252 [analyzer] DEBUG: Error resolving function vbe6!vbe6_GetObject through our custom callback.
2016-11-06 21:48:32,252 [analyzer] WARNING: Unable to find the correct offsets for functions of: 32-bit VBE6.DLL (with timestamp 0x48a4b5d6)
2016-11-06 21:48:32,252 [analyzer] DEBUG: Error resolving function vbe6!vbe6_Import through our custom callback.
2016-11-06 21:48:32,272 [analyzer] WARNING: Unable to find the correct offsets for functions of: 32-bit VBE6.DLL (with timestamp 0x48a4b5d6)
2016-11-06 21:48:32,272 [analyzer] DEBUG: Error resolving function vbe6!vbe6_Invoke through our custom callback.
2016-11-06 21:48:32,282 [analyzer] WARNING: Unable to find the correct offsets for functions of: 32-bit VBE6.DLL (with timestamp 0x48a4b5d6)
2016-11-06 21:48:32,292 [analyzer] DEBUG: Error resolving function vbe6!vbe6_Open through our custom callback.
2016-11-06 21:48:32,292 [analyzer] WARNING: Unable to find the correct offsets for functions of: 32-bit VBE6.DLL (with timestamp 0x48a4b5d6)
2016-11-06 21:48:32,302 [analyzer] DEBUG: Error resolving function vbe6!vbe6_Print through our custom callback.
2016-11-06 21:48:32,302 [analyzer] WARNING: Unable to find the correct offsets for functions of: 32-bit VBE6.DLL (with timestamp 0x48a4b5d6)
2016-11-06 21:48:32,312 [analyzer] DEBUG: Error resolving function vbe6!vbe6_Shell through our custom callback.
2016-11-06 21:48:32,312 [analyzer] WARNING: Unable to find the correct offsets for functions of: 32-bit VBE6.DLL (with timestamp 0x48a4b5d6)
2016-11-06 21:48:32,322 [analyzer] DEBUG: Error resolving function vbe6!vbe6_StringConcat through our custom callback.
2016-11-06 21:48:32,361 [analyzer] WARNING: Unable to find the correct offsets for functions of: 32-bit VBE6.DLL (with timestamp 0x48a4b5d6)
2016-11-06 21:48:32,371 [analyzer] DEBUG: Error resolving function vbe6!vbe6_CallByName through our custom callback.
2016-11-06 21:48:32,371 [analyzer] WARNING: Unable to find the correct offsets for functions of: 32-bit VBE6.DLL (with timestamp 0x48a4b5d6)
2016-11-06 21:48:32,381 [analyzer] DEBUG: Error resolving function vbe6!vbe6_Close through our custom callback.
2016-11-06 21:48:32,381 [analyzer] WARNING: Unable to find the correct offsets for functions of: 32-bit VBE6.DLL (with timestamp 0x48a4b5d6)
2016-11-06 21:48:32,381 [analyzer] DEBUG: Error resolving function vbe6!vbe6_CreateObject through our custom callback.
2016-11-06 21:48:32,391 [analyzer] WARNING: Unable to find the correct offsets for functions of: 32-bit VBE6.DLL (with timestamp 0x48a4b5d6)
2016-11-06 21:48:32,401 [analyzer] DEBUG: Error resolving function vbe6!vbe6_GetIDFromName through our custom callback.
2016-11-06 21:48:32,401 [analyzer] WARNING: Unable to find the correct offsets for functions of: 32-bit VBE6.DLL (with timestamp 0x48a4b5d6)
2016-11-06 21:48:32,411 [analyzer] DEBUG: Error resolving function vbe6!vbe6_GetObject through our custom callback.
2016-11-06 21:48:32,411 [analyzer] WARNING: Unable to find the correct offsets for functions of: 32-bit VBE6.DLL (with timestamp 0x48a4b5d6)
2016-11-06 21:48:32,421 [analyzer] DEBUG: Error resolving function vbe6!vbe6_Import through our custom callback.
2016-11-06 21:48:32,421 [analyzer] WARNING: Unable to find the correct offsets for functions of: 32-bit VBE6.DLL (with timestamp 0x48a4b5d6)
2016-11-06 21:48:32,431 [analyzer] DEBUG: Error resolving function vbe6!vbe6_Invoke through our custom callback.
2016-11-06 21:48:32,431 [analyzer] WARNING: Unable to find the correct offsets for functions of: 32-bit VBE6.DLL (with timestamp 0x48a4b5d6)
2016-11-06 21:48:32,441 [analyzer] DEBUG: Error resolving function vbe6!vbe6_Open through our custom callback.
2016-11-06 21:48:32,441 [analyzer] WARNING: Unable to find the correct offsets for functions of: 32-bit VBE6.DLL (with timestamp 0x48a4b5d6)
2016-11-06 21:48:32,453 [analyzer] DEBUG: Error resolving function vbe6!vbe6_Print through our custom callback.
2016-11-06 21:48:32,453 [analyzer] WARNING: Unable to find the correct offsets for functions of: 32-bit VBE6.DLL (with timestamp 0x48a4b5d6)
2016-11-06 21:48:32,463 [analyzer] DEBUG: Error resolving function vbe6!vbe6_Shell through our custom callback.
2016-11-06 21:48:32,463 [analyzer] WARNING: Unable to find the correct offsets for functions of: 32-bit VBE6.DLL (with timestamp 0x48a4b5d6)
2016-11-06 21:48:32,473 [analyzer] DEBUG: Error resolving function vbe6!vbe6_StringConcat through our custom callback.
2016-11-06 21:48:32,473 [analyzer] WARNING: Unable to find the correct offsets for functions of: 32-bit VBE6.DLL (with timestamp 0x48a4b5d6)
2016-11-06 21:48:32,483 [analyzer] DEBUG: Error resolving function vbe6!vbe6_CallByName through our custom callback.
2016-11-06 21:48:32,493 [analyzer] WARNING: Unable to find the correct offsets for functions of: 32-bit VBE6.DLL (with timestamp 0x48a4b5d6)
2016-11-06 21:48:32,493 [analyzer] DEBUG: Error resolving function vbe6!vbe6_Close through our custom callback.
2016-11-06 21:48:32,503 [analyzer] WARNING: Unable to find the correct offsets for functions of: 32-bit VBE6.DLL (with timestamp 0x48a4b5d6)
2016-11-06 21:48:32,503 [analyzer] DEBUG: Error resolving function vbe6!vbe6_CreateObject through our custom callback.
2016-11-06 21:48:32,513 [analyzer] WARNING: Unable to find the correct offsets for functions of: 32-bit VBE6.DLL (with timestamp 0x48a4b5d6)
2016-11-06 21:48:32,513 [analyzer] DEBUG: Error resolving function vbe6!vbe6_GetIDFromName through our custom callback.
2016-11-06 21:48:32,523 [analyzer] WARNING: Unable to find the correct offsets for functions of: 32-bit VBE6.DLL (with timestamp 0x48a4b5d6)
2016-11-06 21:48:32,523 [analyzer] DEBUG: Error resolving function vbe6!vbe6_GetObject through our custom callback.
2016-11-06 21:48:32,532 [analyzer] WARNING: Unable to find the correct offsets for functions of: 32-bit VBE6.DLL (with timestamp 0x48a4b5d6)
2016-11-06 21:48:32,542 [analyzer] DEBUG: Error resolving function vbe6!vbe6_Import through our custom callback.
2016-11-06 21:48:32,542 [analyzer] WARNING: Unable to find the correct offsets for functions of: 32-bit VBE6.DLL (with timestamp 0x48a4b5d6)
2016-11-06 21:48:32,552 [analyzer] DEBUG: Error resolving function vbe6!vbe6_Invoke through our custom callback.
2016-11-06 21:48:32,552 [analyzer] WARNING: Unable to find the correct offsets for functions of: 32-bit VBE6.DLL (with timestamp 0x48a4b5d6)
2016-11-06 21:48:32,562 [analyzer] DEBUG: Error resolving function vbe6!vbe6_Open through our custom callback.
2016-11-06 21:48:32,562 [analyzer] WARNING: Unable to find the correct offsets for functions of: 32-bit VBE6.DLL (with timestamp 0x48a4b5d6)
2016-11-06 21:48:32,572 [analyzer] DEBUG: Error resolving function vbe6!vbe6_Print through our custom callback.
2016-11-06 21:48:32,572 [analyzer] WARNING: Unable to find the correct offsets for functions of: 32-bit VBE6.DLL (with timestamp 0x48a4b5d6)
2016-11-06 21:48:32,582 [analyzer] DEBUG: Error resolving function vbe6!vbe6_Shell through our custom callback.
2016-11-06 21:48:32,582 [analyzer] WARNING: Unable to find the correct offsets for functions of: 32-bit VBE6.DLL (with timestamp 0x48a4b5d6)
2016-11-06 21:48:32,592 [analyzer] DEBUG: Error resolving function vbe6!vbe6_StringConcat through our custom callback.
2016-11-06 21:48:32,592 [analyzer] WARNING: Unable to find the correct offsets for functions of: 32-bit VBE6.DLL (with timestamp 0x48a4b5d6)
2016-11-06 21:48:32,602 [analyzer] DEBUG: Error resolving function vbe6!vbe6_CallByName through our custom callback.
2016-11-06 21:48:32,612 [analyzer] WARNING: Unable to find the correct offsets for functions of: 32-bit VBE6.DLL (with timestamp 0x48a4b5d6)
2016-11-06 21:48:32,612 [analyzer] DEBUG: Error resolving function vbe6!vbe6_Close through our custom callback.
2016-11-06 21:48:32,622 [analyzer] WARNING: Unable to find the correct offsets for functions of: 32-bit VBE6.DLL (with timestamp 0x48a4b5d6)
2016-11-06 21:48:32,622 [analyzer] DEBUG: Error resolving function vbe6!vbe6_CreateObject through our custom callback.
2016-11-06 21:48:32,632 [analyzer] WARNING: Unable to find the correct offsets for functions of: 32-bit VBE6.DLL (with timestamp 0x48a4b5d6)
2016-11-06 21:48:32,632 [analyzer] DEBUG: Error resolving function vbe6!vbe6_GetIDFromName through our custom callback.
2016-11-06 21:48:32,642 [analyzer] WARNING: Unable to find the correct offsets for functions of: 32-bit VBE6.DLL (with timestamp 0x48a4b5d6)
2016-11-06 21:48:32,642 [analyzer] DEBUG: Error resolving function vbe6!vbe6_GetObject through our custom callback.
2016-11-06 21:48:32,653 [analyzer] WARNING: Unable to find the correct offsets for functions of: 32-bit VBE6.DLL (with timestamp 0x48a4b5d6)
2016-11-06 21:48:32,653 [analyzer] DEBUG: Error resolving function vbe6!vbe6_Import through our custom callback.
2016-11-06 21:48:32,663 [analyzer] WARNING: Unable to find the correct offsets for functions of: 32-bit VBE6.DLL (with timestamp 0x48a4b5d6)
2016-11-06 21:48:32,663 [analyzer] DEBUG: Error resolving function vbe6!vbe6_Invoke through our custom callback.
2016-11-06 21:48:32,673 [analyzer] WARNING: Unable to find the correct offsets for functions of: 32-bit VBE6.DLL (with timestamp 0x48a4b5d6)
2016-11-06 21:48:32,673 [analyzer] DEBUG: Error resolving function vbe6!vbe6_Open through our custom callback.
2016-11-06 21:48:32,683 [analyzer] WARNING: Unable to find the correct offsets for functions of: 32-bit VBE6.DLL (with timestamp 0x48a4b5d6)
2016-11-06 21:48:32,683 [analyzer] DEBUG: Error resolving function vbe6!vbe6_Print through our custom callback.
2016-11-06 21:48:32,693 [analyzer] WARNING: Unable to find the correct offsets for functions of: 32-bit VBE6.DLL (with timestamp 0x48a4b5d6)
2016-11-06 21:48:32,693 [analyzer] DEBUG: Error resolving function vbe6!vbe6_Shell through our custom callback.
2016-11-06 21:48:32,703 [analyzer] WARNING: Unable to find the correct offsets for functions of: 32-bit VBE6.DLL (with timestamp 0x48a4b5d6)
2016-11-06 21:48:32,703 [analyzer] DEBUG: Error resolving function vbe6!vbe6_StringConcat through our custom callback.
2016-11-06 21:48:32,753 [analyzer] WARNING: Unable to find the correct offsets for functions of: 32-bit VBE6.DLL (with timestamp 0x48a4b5d6)
2016-11-06 21:48:32,753 [analyzer] DEBUG: Error resolving function vbe6!vbe6_CallByName through our custom callback.
2016-11-06 21:48:32,763 [analyzer] WARNING: Unable to find the correct offsets for functions of: 32-bit VBE6.DLL (with timestamp 0x48a4b5d6)
2016-11-06 21:48:32,773 [analyzer] DEBUG: Error resolving function vbe6!vbe6_Close through our custom callback.
2016-11-06 21:48:32,773 [analyzer] WARNING: Unable to find the correct offsets for functions of: 32-bit VBE6.DLL (with timestamp 0x48a4b5d6)
2016-11-06 21:48:32,782 [analyzer] DEBUG: Error resolving function vbe6!vbe6_CreateObject through our custom callback.
2016-11-06 21:48:32,782 [analyzer] WARNING: Unable to find the correct offsets for functions of: 32-bit VBE6.DLL (with timestamp 0x48a4b5d6)
2016-11-06 21:48:32,792 [analyzer] DEBUG: Error resolving function vbe6!vbe6_GetIDFromName through our custom callback.
2016-11-06 21:48:32,792 [analyzer] WARNING: Unable to find the correct offsets for functions of: 32-bit VBE6.DLL (with timestamp 0x48a4b5d6)
2016-11-06 21:48:32,802 [analyzer] DEBUG: Error resolving function vbe6!vbe6_GetObject through our custom callback.
2016-11-06 21:48:32,802 [analyzer] WARNING: Unable to find the correct offsets for functions of: 32-bit VBE6.DLL (with timestamp 0x48a4b5d6)
2016-11-06 21:48:32,812 [analyzer] DEBUG: Error resolving function vbe6!vbe6_Import through our custom callback.
2016-11-06 21:48:32,812 [analyzer] WARNING: Unable to find the correct offsets for functions of: 32-bit VBE6.DLL (with timestamp 0x48a4b5d6)
2016-11-06 21:48:32,822 [analyzer] DEBUG: Error resolving function vbe6!vbe6_Invoke through our custom callback.
2016-11-06 21:48:32,822 [analyzer] WARNING: Unable to find the correct offsets for functions of: 32-bit VBE6.DLL (with timestamp 0x48a4b5d6)
2016-11-06 21:48:32,832 [analyzer] DEBUG: Error resolving function vbe6!vbe6_Open through our custom callback.
2016-11-06 21:48:32,832 [analyzer] WARNING: Unable to find the correct offsets for functions of: 32-bit VBE6.DLL (with timestamp 0x48a4b5d6)
2016-11-06 21:48:32,842 [analyzer] DEBUG: Error resolving function vbe6!vbe6_Print through our custom callback.
2016-11-06 21:48:32,842 [analyzer] WARNING: Unable to find the correct offsets for functions of: 32-bit VBE6.DLL (with timestamp 0x48a4b5d6)
2016-11-06 21:48:32,852 [analyzer] DEBUG: Error resolving function vbe6!vbe6_Shell through our custom callback.
2016-11-06 21:48:32,852 [analyzer] WARNING: Unable to find the correct offsets for functions of: 32-bit VBE6.DLL (with timestamp 0x48a4b5d6)
2016-11-06 21:48:32,862 [analyzer] DEBUG: Error resolving function vbe6!vbe6_StringConcat through our custom callback.
2016-11-06 21:48:32,903 [analyzer] WARNING: Unable to find the correct offsets for functions of: 32-bit VBE6.DLL (with timestamp 0x48a4b5d6)
2016-11-06 21:48:32,913 [analyzer] DEBUG: Error resolving function vbe6!vbe6_CallByName through our custom callback.
2016-11-06 21:48:32,913 [analyzer] WARNING: Unable to find the correct offsets for functions of: 32-bit VBE6.DLL (with timestamp 0x48a4b5d6)
2016-11-06 21:48:32,923 [analyzer] DEBUG: Error resolving function vbe6!vbe6_Close through our custom callback.
2016-11-06 21:48:32,923 [analyzer] WARNING: Unable to find the correct offsets for functions of: 32-bit VBE6.DLL (with timestamp 0x48a4b5d6)
2016-11-06 21:48:32,933 [analyzer] DEBUG: Error resolving function vbe6!vbe6_CreateObject through our custom callback.
2016-11-06 21:48:32,933 [analyzer] WARNING: Unable to find the correct offsets for functions of: 32-bit VBE6.DLL (with timestamp 0x48a4b5d6)
2016-11-06 21:48:32,943 [analyzer] DEBUG: Error resolving function vbe6!vbe6_GetIDFromName through our custom callback.
2016-11-06 21:48:32,943 [analyzer] WARNING: Unable to find the correct offsets for functions of: 32-bit VBE6.DLL (with timestamp 0x48a4b5d6)
2016-11-06 21:48:32,953 [analyzer] DEBUG: Error resolving function vbe6!vbe6_GetObject through our custom callback.
2016-11-06 21:48:32,953 [analyzer] WARNING: Unable to find the correct offsets for functions of: 32-bit VBE6.DLL (with timestamp 0x48a4b5d6)
2016-11-06 21:48:32,963 [analyzer] DEBUG: Error resolving function vbe6!vbe6_Import through our custom callback.
2016-11-06 21:48:32,963 [analyzer] WARNING: Unable to find the correct offsets for functions of: 32-bit VBE6.DLL (with timestamp 0x48a4b5d6)
2016-11-06 21:48:32,973 [analyzer] DEBUG: Error resolving function vbe6!vbe6_Invoke through our custom callback.
2016-11-06 21:48:32,973 [analyzer] WARNING: Unable to find the correct offsets for functions of: 32-bit VBE6.DLL (with timestamp 0x48a4b5d6)
2016-11-06 21:48:32,983 [analyzer] DEBUG: Error resolving function vbe6!vbe6_Open through our custom callback.
2016-11-06 21:48:32,983 [analyzer] WARNING: Unable to find the correct offsets for functions of: 32-bit VBE6.DLL (with timestamp 0x48a4b5d6)
2016-11-06 21:48:32,983 [analyzer] DEBUG: Error resolving function vbe6!vbe6_Print through our custom callback.
2016-11-06 21:48:32,993 [analyzer] WARNING: Unable to find the correct offsets for functions of: 32-bit VBE6.DLL (with timestamp 0x48a4b5d6)
2016-11-06 21:48:32,993 [analyzer] DEBUG: Error resolving function vbe6!vbe6_Shell through our custom callback.
2016-11-06 21:48:33,003 [analyzer] WARNING: Unable to find the correct offsets for functions of: 32-bit VBE6.DLL (with timestamp 0x48a4b5d6)
2016-11-06 21:48:33,003 [analyzer] DEBUG: Error resolving function vbe6!vbe6_StringConcat through our custom callback.
2016-11-06 21:48:42,647 [analyzer] INFO: Process with pid 2024 has terminated
2016-11-06 21:48:42,657 [analyzer] INFO: Process list is empty, terminating analysis.
2016-11-06 21:48:43,749 [analyzer] WARNING: File at path "u'\\device\\namedpipe\\lsass'" does not exist, skip.
2016-11-06 21:48:44,440 [analyzer] INFO: Analysis completed.
